<?xml version="1.0" encoding="utf-8"?><testsuites name="pytest tests"><testsuite name="pytest" errors="0" failures="0" skipped="0" tests="32" time="2.279" timestamp="2026-01-03T18:05:36.128037+00:00" hostname="agent-env-60bf01ad-f68a-4ffb-82cd-69a7b97b8a1f"><testcase classname="tests.test_ai_website_builder.TestColorSchemesAPI" name="test_color_schemes_returns_200_without_auth" time="0.414" /><testcase classname="tests.test_ai_website_builder.TestColorSchemesAPI" name="test_color_schemes_returns_all_expected_schemes" time="0.040" /><testcase classname="tests.test_ai_website_builder.TestColorSchemesAPI" name="test_color_schemes_colors_are_valid_hex" time="0.045" /><testcase classname="tests.test_ai_website_builder.TestLanguagesAPI" name="test_languages_returns_200_without_auth" time="0.042" /><testcase classname="tests.test_ai_website_builder.TestLanguagesAPI" name="test_languages_returns_15_languages" time="0.038" /><testcase classname="tests.test_ai_website_builder.TestLanguagesAPI" name="test_arabic_has_rtl_direction" time="0.080" /><testcase classname="tests.test_ai_website_builder.TestLanguagesAPI" name="test_english_has_ltr_direction" time="0.040" /><testcase classname="tests.test_ai_website_builder.TestPlatformsAPI" name="test_platforms_returns_200_without_auth" time="0.041" /><testcase classname="tests.test_ai_website_builder.TestPlatformsAPI" name="test_platforms_returns_all_3_platforms" time="0.078" /><testcase classname="tests.test_ai_website_builder.TestLeadSubmissionAPI" name="test_lead_submission_returns_200" time="0.081" /><testcase classname="tests.test_ai_website_builder.TestLeadSubmissionAPI" name="test_lead_submission_returns_proper_structure" time="0.045" /><testcase classname="tests.test_ai_website_builder.TestLeadSubmissionAPI" name="test_lead_submission_without_phone" time="0.040" /><testcase classname="tests.test_ai_website_builder.TestGenerateWebsiteAPI" name="test_generate_without_auth_returns_401" time="0.039" /><testcase classname="tests.test_ai_website_builder.TestGenerateWebsiteAPI" name="test_generate_with_auth_returns_200" time="0.057" /><testcase classname="tests.test_ai_website_builder.TestGenerateWebsiteAPI" name="test_generate_returns_proper_structure" time="0.019" /><testcase classname="tests.test_ai_website_builder.TestGenerateWebsiteAPI" name="test_generate_with_different_color_schemes" time="0.125" /><testcase classname="tests.test_ai_website_builder.TestGenerateWebsiteAPI" name="test_generate_with_different_languages" time="0.071" /><testcase classname="tests.test_ai_website_builder.TestListWebsitesAPI" name="test_list_without_auth_returns_401" time="0.036" /><testcase classname="tests.test_ai_website_builder.TestListWebsitesAPI" name="test_list_with_auth_returns_200" time="0.024" /><testcase classname="tests.test_ai_website_builder.TestListWebsitesAPI" name="test_list_returns_array" time="0.022" /><testcase classname="tests.test_ai_website_builder.TestListWebsitesAPI" name="test_list_contains_generated_websites" time="0.041" /><testcase classname="tests.test_ai_website_builder.TestRefineWebsiteAPI" name="test_refine_website_flow" time="0.039" /><testcase classname="tests.test_ai_website_builder.TestRefineWebsiteAPI" name="test_refine_nonexistent_website_returns_404" time="0.014" /><testcase classname="tests.test_ai_website_builder.TestDeployWebsiteAPI" name="test_deploy_to_netlify_simulated" time="0.031" /><testcase classname="tests.test_ai_website_builder.TestDeployWebsiteAPI" name="test_deploy_to_vercel_simulated" time="0.032" /><testcase classname="tests.test_ai_website_builder.TestDeployWebsiteAPI" name="test_deploy_to_railway_simulated" time="0.031" /><testcase classname="tests.test_ai_website_builder.TestDeployWebsiteAPI" name="test_deploy_nonexistent_website_returns_404" time="0.017" /><testcase classname="tests.test_ai_website_builder.TestDownloadWebsiteAPI" name="test_download_website_returns_html" time="0.031" /><testcase classname="tests.test_ai_website_builder.TestDownloadWebsiteAPI" name="test_download_has_attachment_header" time="0.028" /><testcase classname="tests.test_ai_website_builder.TestDownloadWebsiteAPI" name="test_download_nonexistent_website_returns_error" time="0.053" /><testcase classname="tests.test_ai_website_builder.TestWebsiteBuilderWorkflow" name="test_complete_workflow_generate_refine_deploy_download" time="0.082" /><testcase classname="tests.test_ai_website_builder.TestCleanup" name="test_cleanup_test_data" time="0.325" /></testsuite></testsuites>