<?xml version="1.0" encoding="utf-8"?><testsuites name="pytest tests"><testsuite name="pytest" errors="0" failures="0" skipped="0" tests="39" time="2.021" timestamp="2026-01-04T00:31:53.165612+00:00" hostname="agent-env-60bf01ad-f68a-4ffb-82cd-69a7b97b8a1f"><testcase classname="tests.test_iteration6_enterprise_features.TestTeamRolesAPI" name="test_get_roles_returns_200" time="0.059" /><testcase classname="tests.test_iteration6_enterprise_features.TestTeamRolesAPI" name="test_get_roles_returns_5_roles" time="0.035" /><testcase classname="tests.test_iteration6_enterprise_features.TestTeamRolesAPI" name="test_get_roles_contains_expected_roles" time="0.032" /><testcase classname="tests.test_iteration6_enterprise_features.TestTeamRolesAPI" name="test_roles_have_required_fields" time="0.040" /><testcase classname="tests.test_iteration6_enterprise_features.TestTeamMembersAPI" name="test_get_members_requires_auth" time="0.035" /><testcase classname="tests.test_iteration6_enterprise_features.TestTeamMembersAPI" name="test_get_members_with_auth" time="0.345" /><testcase classname="tests.test_iteration6_enterprise_features.TestTeamMembersAPI" name="test_get_members_returns_list" time="0.040" /><testcase classname="tests.test_iteration6_enterprise_features.TestTeamInviteAPI" name="test_invite_requires_auth" time="0.039" /><testcase classname="tests.test_iteration6_enterprise_features.TestTeamInviteAPI" name="test_invite_member_with_auth" time="0.046" /><testcase classname="tests.test_iteration6_enterprise_features.TestABTestsListAPI" name="test_list_ab_tests_requires_auth" time="0.035" /><testcase classname="tests.test_iteration6_enterprise_features.TestABTestsListAPI" name="test_list_ab_tests_with_auth" time="0.040" /><testcase classname="tests.test_iteration6_enterprise_features.TestABTestsListAPI" name="test_list_ab_tests_returns_list" time="0.038" /><testcase classname="tests.test_iteration6_enterprise_features.TestABTestsCreateAPI" name="test_create_ab_test_requires_auth" time="0.032" /><testcase classname="tests.test_iteration6_enterprise_features.TestABTestsCreateAPI" name="test_create_ab_test_with_auth" time="0.041" /><testcase classname="tests.test_iteration6_enterprise_features.TestAutomationTriggersAPI" name="test_get_triggers_returns_200" time="0.038" /><testcase classname="tests.test_iteration6_enterprise_features.TestAutomationTriggersAPI" name="test_get_triggers_returns_dict" time="0.035" /><testcase classname="tests.test_iteration6_enterprise_features.TestAutomationTriggersAPI" name="test_get_triggers_count" time="0.031" /><testcase classname="tests.test_iteration6_enterprise_features.TestAutomationActionsAPI" name="test_get_actions_returns_200" time="0.035" /><testcase classname="tests.test_iteration6_enterprise_features.TestAutomationActionsAPI" name="test_get_actions_returns_dict" time="0.077" /><testcase classname="tests.test_iteration6_enterprise_features.TestAutomationActionsAPI" name="test_get_actions_count" time="0.075" /><testcase classname="tests.test_iteration6_enterprise_features.TestAutomationRulesAPI" name="test_create_rule_requires_auth" time="0.034" /><testcase classname="tests.test_iteration6_enterprise_features.TestAutomationRulesAPI" name="test_create_rule_with_auth" time="0.047" /><testcase classname="tests.test_iteration6_enterprise_features.TestAutomationRulesAPI" name="test_list_rules_with_auth" time="0.034" /><testcase classname="tests.test_iteration6_enterprise_features.TestWebsiteAnalyticsOverviewAPI" name="test_overview_requires_auth" time="0.033" /><testcase classname="tests.test_iteration6_enterprise_features.TestWebsiteAnalyticsOverviewAPI" name="test_overview_with_auth" time="0.037" /><testcase classname="tests.test_iteration6_enterprise_features.TestWebsiteAnalyticsOverviewAPI" name="test_overview_returns_expected_structure" time="0.037" /><testcase classname="tests.test_iteration6_enterprise_features.TestExpandedTemplatesAPI" name="test_templates_list_returns_200" time="0.033" /><testcase classname="tests.test_iteration6_enterprise_features.TestExpandedTemplatesAPI" name="test_templates_list_returns_15_templates" time="0.033" /><testcase classname="tests.test_iteration6_enterprise_features.TestExpandedTemplatesAPI" name="test_templates_contains_new_templates" time="0.037" /><testcase classname="tests.test_iteration6_enterprise_features.TestExpandedTemplatesAPI" name="test_templates_have_required_fields" time="0.031" /><testcase classname="tests.test_iteration6_enterprise_features.TestExpandedTemplatesAPI" name="test_get_specific_template_education" time="0.036" /><testcase classname="tests.test_iteration6_enterprise_features.TestExpandedTemplatesAPI" name="test_get_specific_template_legal" time="0.032" /><testcase classname="tests.test_iteration6_enterprise_features.TestExpandedTemplatesAPI" name="test_get_specific_template_events" time="0.035" /><testcase classname="tests.test_iteration6_enterprise_features.TestExpandedTemplatesAPI" name="test_get_specific_template_agency" time="0.079" /><testcase classname="tests.test_iteration6_enterprise_features.TestExpandedTemplatesAPI" name="test_get_specific_template_nonprofit" time="0.034" /><testcase classname="tests.test_iteration6_enterprise_features.TestAutomationOperatorsAPI" name="test_get_operators_returns_200" time="0.034" /><testcase classname="tests.test_iteration6_enterprise_features.TestAutomationOperatorsAPI" name="test_get_operators_returns_dict" time="0.032" /><testcase classname="tests.test_iteration6_enterprise_features.TestCleanup" name="test_cleanup_test_ab_tests" time="0.069" /><testcase classname="tests.test_iteration6_enterprise_features.TestCleanup" name="test_cleanup_test_automation_rules" time="0.070" /></testsuite></testsuites>