<?xml version="1.0" encoding="utf-8"?><testsuites name="pytest tests"><testsuite name="pytest" errors="0" failures="0" skipped="0" tests="45" time="3.711" timestamp="2026-01-03T16:52:35.472981+00:00" hostname="agent-env-25dc672a-ccce-4cb8-b6df-46f1f3fa4ab6"><testcase classname="tests.test_iteration3_features.TestNotificationsAPI" name="test_notifications_without_auth_returns_401" time="1.465" /><testcase classname="tests.test_iteration3_features.TestNotificationsAPI" name="test_notifications_with_auth_returns_200" time="0.050" /><testcase classname="tests.test_iteration3_features.TestNotificationsAPI" name="test_notifications_returns_list" time="0.032" /><testcase classname="tests.test_iteration3_features.TestNotificationsAPI" name="test_notifications_unread_only_filter" time="0.052" /><testcase classname="tests.test_iteration3_features.TestNotificationsUnreadCountAPI" name="test_unread_count_without_auth_returns_401" time="0.038" /><testcase classname="tests.test_iteration3_features.TestNotificationsUnreadCountAPI" name="test_unread_count_with_auth_returns_200" time="0.014" /><testcase classname="tests.test_iteration3_features.TestNotificationsUnreadCountAPI" name="test_unread_count_returns_count" time="0.017" /><testcase classname="tests.test_iteration3_features.TestABTestingCreateAPI" name="test_create_ab_test_without_auth_returns_401" time="0.039" /><testcase classname="tests.test_iteration3_features.TestABTestingCreateAPI" name="test_create_ab_test_with_auth_returns_200" time="0.024" /><testcase classname="tests.test_iteration3_features.TestABTestingCreateAPI" name="test_create_ab_test_returns_proper_structure" time="0.010" /><testcase classname="tests.test_iteration3_features.TestABTestingListAPI" name="test_list_ab_tests_without_auth_returns_401" time="0.040" /><testcase classname="tests.test_iteration3_features.TestABTestingListAPI" name="test_list_ab_tests_with_auth_returns_200" time="0.018" /><testcase classname="tests.test_iteration3_features.TestABTestingListAPI" name="test_list_ab_tests_returns_list" time="0.015" /><testcase classname="tests.test_iteration3_features.TestABTestingStartAPI" name="test_start_ab_test_flow" time="0.065" /><testcase classname="tests.test_iteration3_features.TestABTestingAnalyzeAPI" name="test_analyze_ab_test" time="0.074" /><testcase classname="tests.test_iteration3_features.TestTeamMembersAPI" name="test_team_members_without_auth_returns_401" time="0.035" /><testcase classname="tests.test_iteration3_features.TestTeamMembersAPI" name="test_team_members_with_auth_returns_200" time="0.010" /><testcase classname="tests.test_iteration3_features.TestTeamMembersAPI" name="test_team_members_returns_list" time="0.011" /><testcase classname="tests.test_iteration3_features.TestTeamInviteAPI" name="test_team_invite_without_auth_returns_401" time="0.038" /><testcase classname="tests.test_iteration3_features.TestTeamInviteAPI" name="test_team_invite_with_auth_returns_200" time="0.041" /><testcase classname="tests.test_iteration3_features.TestTeamInviteAPI" name="test_team_invite_returns_proper_structure" time="0.013" /><testcase classname="tests.test_iteration3_features.TestTeamActivityAPI" name="test_team_activity_without_auth_returns_401" time="0.039" /><testcase classname="tests.test_iteration3_features.TestTeamActivityAPI" name="test_team_activity_with_auth_returns_200" time="0.052" /><testcase classname="tests.test_iteration3_features.TestTeamActivityAPI" name="test_team_activity_returns_list" time="0.011" /><testcase classname="tests.test_iteration3_features.TestTeamCommentsAPI" name="test_add_comment_without_auth_returns_401" time="0.036" /><testcase classname="tests.test_iteration3_features.TestTeamCommentsAPI" name="test_add_comment_with_auth_returns_200" time="0.027" /><testcase classname="tests.test_iteration3_features.TestTeamCommentsAPI" name="test_add_comment_returns_proper_structure" time="0.013" /><testcase classname="tests.test_iteration3_features.TestTeamRolesAPI" name="test_team_roles_returns_200" time="0.009" /><testcase classname="tests.test_iteration3_features.TestTeamRolesAPI" name="test_team_roles_returns_all_roles" time="0.010" /><testcase classname="tests.test_iteration3_features.TestWebsiteGenerateAPI" name="test_generate_website_without_auth_returns_401" time="0.042" /><testcase classname="tests.test_iteration3_features.TestWebsiteGenerateAPI" name="test_generate_website_with_auth_returns_200" time="0.502" /><testcase classname="tests.test_iteration3_features.TestWebsiteGenerateAPI" name="test_generate_website_returns_proper_structure" time="0.048" /><testcase classname="tests.test_iteration3_features.TestWebsiteListAPI" name="test_list_websites_without_auth_returns_401" time="0.039" /><testcase classname="tests.test_iteration3_features.TestWebsiteListAPI" name="test_list_websites_with_auth_returns_200" time="0.014" /><testcase classname="tests.test_iteration3_features.TestWebsiteListAPI" name="test_list_websites_returns_list" time="0.012" /><testcase classname="tests.test_iteration3_features.TestWebsiteRefineAPI" name="test_refine_website_flow" time="0.101" /><testcase classname="tests.test_iteration3_features.TestWebsiteColorSchemesAPI" name="test_color_schemes_returns_200" time="0.008" /><testcase classname="tests.test_iteration3_features.TestWebsiteColorSchemesAPI" name="test_color_schemes_returns_all_schemes" time="0.010" /><testcase classname="tests.test_iteration3_features.TestTikTokSchedulingAPI" name="test_tiktok_optimal_times_without_auth_returns_401" time="0.039" /><testcase classname="tests.test_iteration3_features.TestTikTokSchedulingAPI" name="test_tiktok_optimal_times_with_auth_returns_200" time="0.013" /><testcase classname="tests.test_iteration3_features.TestTikTokSchedulingAPI" name="test_tiktok_optimal_times_returns_proper_structure" time="0.010" /><testcase classname="tests.test_iteration3_features.TestYouTubeSchedulingAPI" name="test_youtube_optimal_times_without_auth_returns_401" time="0.035" /><testcase classname="tests.test_iteration3_features.TestYouTubeSchedulingAPI" name="test_youtube_optimal_times_with_auth_returns_200" time="0.011" /><testcase classname="tests.test_iteration3_features.TestYouTubeSchedulingAPI" name="test_youtube_optimal_times_returns_proper_structure" time="0.010" /><testcase classname="tests.test_iteration3_features.TestCleanup" name="test_cleanup_test_data" time="0.334" /></testsuite></testsuites>