<?xml version="1.0" encoding="utf-8"?><testsuites name="pytest tests"><testsuite name="pytest" errors="0" failures="0" skipped="0" tests="25" time="9.730" timestamp="2026-01-03T14:02:44.333714+00:00" hostname="agent-env-25dc672a-ccce-4cb8-b6df-46f1f3fa4ab6"><testcase classname="tests.test_enterprate_api.TestDynamicFeesAPI" name="test_get_all_fees_returns_200" time="0.450" /><testcase classname="tests.test_enterprate_api.TestDynamicFeesAPI" name="test_get_all_fees_returns_13_entries" time="0.014" /><testcase classname="tests.test_enterprate_api.TestDynamicFeesAPI" name="test_fees_have_required_fields" time="0.010" /><testcase classname="tests.test_enterprate_api.TestDynamicFeesAPI" name="test_fees_include_ltd_type" time="0.008" /><testcase classname="tests.test_enterprate_api.TestDynamicFeesAPI" name="test_get_fee_for_specific_type_ltd" time="0.011" /><testcase classname="tests.test_enterprate_api.TestDynamicFeesAPI" name="test_get_fee_for_sole_trader" time="0.007" /><testcase classname="tests.test_enterprate_api.TestDynamicFeesAPI" name="test_get_fee_for_invalid_type" time="0.049" /><testcase classname="tests.test_enterprate_api.TestDynamicFeesAPI" name="test_companies_house_fees_endpoint" time="0.009" /><testcase classname="tests.test_enterprate_api.TestDynamicFeesAPI" name="test_other_authorities_fees_endpoint" time="0.007" /><testcase classname="tests.test_enterprate_api.TestGrowthAgentAPI" name="test_analyze_without_auth_returns_401" time="0.042" /><testcase classname="tests.test_enterprate_api.TestGrowthAgentAPI" name="test_analyze_with_auth_returns_200" time="0.015" /><testcase classname="tests.test_enterprate_api.TestGrowthAgentAPI" name="test_analyze_returns_performance_data" time="0.017" /><testcase classname="tests.test_enterprate_api.TestGrowthAgentAPI" name="test_analyze_leads_structure" time="0.013" /><testcase classname="tests.test_enterprate_api.TestGrowthAgentAPI" name="test_recommend_without_auth_returns_401" time="0.033" /><testcase classname="tests.test_enterprate_api.TestGrowthAgentAPI" name="test_recommend_with_auth_returns_200" time="2.388" /><testcase classname="tests.test_enterprate_api.TestGrowthAgentAPI" name="test_recommend_returns_recommendation_data" time="1.787" /><testcase classname="tests.test_enterprate_api.TestGrowthAgentAPI" name="test_recommend_different_alert_types" time="4.473" /><testcase classname="tests.test_enterprate_api.TestGrowthAgentAPI" name="test_get_recommendations_list" time="0.010" /><testcase classname="tests.test_enterprate_api.TestFinanceInvoicesAPI" name="test_invoices_without_auth_returns_401" time="0.061" /><testcase classname="tests.test_enterprate_api.TestFinanceInvoicesAPI" name="test_invoices_with_auth_returns_200" time="0.010" /><testcase classname="tests.test_enterprate_api.TestFinanceInvoicesAPI" name="test_invoices_returns_list" time="0.052" /><testcase classname="tests.test_enterprate_api.TestFinanceInvoicesAPI" name="test_legacy_navigator_invoices_still_works" time="0.050" /><testcase classname="tests.test_enterprate_api.TestFinanceInvoicesAPI" name="test_create_invoice" time="0.050" /><testcase classname="tests.test_enterprate_api.TestEntityTypesAPI" name="test_get_entity_types_returns_200" time="0.007" /><testcase classname="tests.test_enterprate_api.TestEntityTypesAPI" name="test_entity_types_structure" time="0.007" /></testsuite></testsuites>