<?xml version="1.0" encoding="utf-8"?><testsuites name="pytest tests"><testsuite name="pytest" errors="0" failures="0" skipped="0" tests="27" time="2.022" timestamp="2026-01-20T16:18:25.312865+00:00" hostname="agent-env-e1da06f1-c939-4250-b569-fa5d3a182621"><testcase classname="tests.test_iteration8_phase1_features.TestAuthentication" name="test_login_success" time="0.285" /><testcase classname="tests.test_iteration8_phase1_features.TestCatalogueAPI" name="test_get_catalogue_items_empty_or_list" time="0.305" /><testcase classname="tests.test_iteration8_phase1_features.TestCatalogueAPI" name="test_create_catalogue_item" time="0.048" /><testcase classname="tests.test_iteration8_phase1_features.TestCatalogueAPI" name="test_get_single_catalogue_item" time="0.043" /><testcase classname="tests.test_iteration8_phase1_features.TestCatalogueAPI" name="test_update_catalogue_item" time="0.083" /><testcase classname="tests.test_iteration8_phase1_features.TestCatalogueAPI" name="test_search_catalogue_items" time="0.039" /><testcase classname="tests.test_iteration8_phase1_features.TestCatalogueAPI" name="test_filter_catalogue_by_category" time="0.081" /><testcase classname="tests.test_iteration8_phase1_features.TestCatalogueAPI" name="test_delete_catalogue_item" time="0.073" /><testcase classname="tests.test_iteration8_phase1_features.TestCatalogueUpload" name="test_upload_csv_file" time="0.039" /><testcase classname="tests.test_iteration8_phase1_features.TestCatalogueUpload" name="test_upload_csv_with_missing_price" time="0.036" /><testcase classname="tests.test_iteration8_phase1_features.TestCatalogueBulkAdd" name="test_bulk_add_items" time="0.076" /><testcase classname="tests.test_iteration8_phase1_features.TestDocumentsAPI" name="test_get_documents_list" time="0.035" /><testcase classname="tests.test_iteration8_phase1_features.TestDocumentsAPI" name="test_generate_terms_conditions" time="0.043" /><testcase classname="tests.test_iteration8_phase1_features.TestDocumentsAPI" name="test_generate_privacy_policy" time="0.078" /><testcase classname="tests.test_iteration8_phase1_features.TestDocumentsAPI" name="test_generate_nda" time="0.037" /><testcase classname="tests.test_iteration8_phase1_features.TestDocumentsAPI" name="test_save_document" time="0.039" /><testcase classname="tests.test_iteration8_phase1_features.TestDocumentsAPI" name="test_get_saved_document" time="0.038" /><testcase classname="tests.test_iteration8_phase1_features.TestDocumentsAPI" name="test_filter_documents_by_type" time="0.037" /><testcase classname="tests.test_iteration8_phase1_features.TestDocumentsAPI" name="test_generate_invalid_document_type" time="0.037" /><testcase classname="tests.test_iteration8_phase1_features.TestTaxAutofillAPI" name="test_get_tax_autofill_data" time="0.081" /><testcase classname="tests.test_iteration8_phase1_features.TestTaxAutofillAPI" name="test_get_tax_autofill_with_year" time="0.037" /><testcase classname="tests.test_iteration8_phase1_features.TestMenuStructure" name="test_catalogue_endpoint_exists" time="0.040" /><testcase classname="tests.test_iteration8_phase1_features.TestMenuStructure" name="test_documents_endpoint_exists" time="0.042" /><testcase classname="tests.test_iteration8_phase1_features.TestMenuStructure" name="test_ai_websites_endpoint_exists" time="0.039" /><testcase classname="tests.test_iteration8_phase1_features.TestMenuStructure" name="test_website_analytics_endpoint_exists" time="0.034" /><testcase classname="tests.test_iteration8_phase1_features.TestMenuStructure" name="test_domains_endpoint_exists" time="0.076" /><testcase classname="tests.test_iteration8_phase1_features.TestCleanup" name="test_cleanup_test_catalogue_items" time="0.161" /></testsuite></testsuites>