<?xml version="1.0" encoding="utf-8"?><testsuites name="pytest tests"><testsuite name="pytest" errors="0" failures="0" skipped="0" tests="15" time="4.543" timestamp="2026-01-21T08:34:50.451820+00:00" hostname="agent-env-feaa4046-c016-46bf-a66a-9824f8beedb5"><testcase classname="tests.test_iteration10_intelligence_graph.TestAuthentication" name="test_login_success" time="0.300" /><testcase classname="tests.test_iteration10_intelligence_graph.TestIntelligenceGraphAPIs" name="test_get_insights" time="0.309" /><testcase classname="tests.test_iteration10_intelligence_graph.TestIntelligenceGraphAPIs" name="test_get_events" time="0.039" /><testcase classname="tests.test_iteration10_intelligence_graph.TestIntelligenceGraphAPIs" name="test_get_events_with_entity_filter" time="0.045" /><testcase classname="tests.test_iteration10_intelligence_graph.TestIntelligenceGraphAPIs" name="test_get_activity_summary_daily" time="0.038" /><testcase classname="tests.test_iteration10_intelligence_graph.TestIntelligenceGraphAPIs" name="test_get_activity_summary_monthly" time="0.040" /><testcase classname="tests.test_iteration10_intelligence_graph.TestIntelligenceGraphAPIs" name="test_post_manual_event" time="0.047" /><testcase classname="tests.test_iteration10_intelligence_graph.TestIntelligenceGraphAPIs" name="test_get_entity_timeline" time="0.078" /><testcase classname="tests.test_iteration10_intelligence_graph.TestIntelligenceGraphAPIs" name="test_get_entity_stats" time="0.039" /><testcase classname="tests.test_iteration10_intelligence_graph.TestIntelligenceLoggingIntegration" name="test_invoice_create_logs_event" time="0.586" /><testcase classname="tests.test_iteration10_intelligence_graph.TestIntelligenceLoggingIntegration" name="test_document_generate_logs_event" time="0.589" /><testcase classname="tests.test_iteration10_intelligence_graph.TestIntelligenceLoggingIntegration" name="test_document_save_logs_event" time="0.575" /><testcase classname="tests.test_iteration10_intelligence_graph.TestIntelligenceLoggingIntegration" name="test_catalogue_bulk_add_logs_event" time="0.578" /><testcase classname="tests.test_iteration10_intelligence_graph.TestIntelligenceLoggingIntegration" name="test_brand_asset_upload_logs_event" time="0.616" /><testcase classname="tests.test_iteration10_intelligence_graph.TestCleanup" name="test_cleanup_test_data" time="0.591" /></testsuite></testsuites>