<?xml version="1.0" encoding="utf-8"?><testsuites name="pytest tests"><testsuite name="pytest" errors="0" failures="1" skipped="0" tests="19" time="3.738" timestamp="2026-01-21T08:10:18.476153+00:00" hostname="agent-env-feaa4046-c016-46bf-a66a-9824f8beedb5"><testcase classname="tests.test_iteration9_phase2_features.TestAuthentication" name="test_login_returns_token" time="0.386" /><testcase classname="tests.test_iteration9_phase2_features.TestCatalogueUpload" name="test_catalogue_csv_upload" time="0.308" /><testcase classname="tests.test_iteration9_phase2_features.TestCatalogueUpload" name="test_catalogue_bulk_add" time="0.052" /><testcase classname="tests.test_iteration9_phase2_features.TestEnhancedInvoicing" name="test_create_invoice_with_line_items" time="0.337" /><testcase classname="tests.test_iteration9_phase2_features.TestEnhancedInvoicing" name="test_get_invoices" time="0.043" /><testcase classname="tests.test_iteration9_phase2_features.TestEnhancedInvoicing" name="test_get_single_invoice" time="0.082" /><testcase classname="tests.test_iteration9_phase2_features.TestEnhancedInvoicing" name="test_generate_invoice_pdf" time="0.049" /><testcase classname="tests.test_iteration9_phase2_features.TestEnhancedInvoicing" name="test_finalize_invoice" time="0.040" /><testcase classname="tests.test_iteration9_phase2_features.TestEnhancedInvoicing" name="test_update_invoice" time="0.085" /><testcase classname="tests.test_iteration9_phase2_features.TestBrandAssets" name="test_upload_brand_logo" time="0.346" /><testcase classname="tests.test_iteration9_phase2_features.TestBrandAssets" name="test_get_brand_assets" time="0.043" /><testcase classname="tests.test_iteration9_phase2_features.TestBrandAssets" name="test_get_brand_logo" time="0.044" /><testcase classname="tests.test_iteration9_phase2_features.TestTaxAutofill" name="test_get_tax_autofill_data" time="0.301" /><testcase classname="tests.test_iteration9_phase2_features.TestTaxAutofill" name="test_get_tax_autofill_with_year" time="0.044" /><testcase classname="tests.test_iteration9_phase2_features.TestDocumentExport" name="test_generate_document" time="0.337" /><testcase classname="tests.test_iteration9_phase2_features.TestDocumentExport" name="test_export_document_to_pdf" time="0.039" /><testcase classname="tests.test_iteration9_phase2_features.TestDocumentExport" name="test_save_document" time="0.042" /><testcase classname="tests.test_iteration9_phase2_features.TestInvoiceSendEmail" name="test_send_invoice_email_mocked" time="0.688"><failure message="assert 520 in [200, 500]&#10; +  where 520 = &lt;Response [520]&gt;.status_code">tests/test_iteration9_phase2_features.py:584: in test_send_invoice_email_mocked
    assert send_response.status_code in [200, 500]
E   assert 520 in [200, 500]
E    +  where 520 = &lt;Response [520]&gt;.status_code</failure></testcase><testcase classname="tests.test_iteration9_phase2_features.TestCleanup" name="test_cleanup_test_catalogue_items" time="0.369" /></testsuite></testsuites>