<?xml version="1.0" encoding="utf-8"?><testsuites name="pytest tests"><testsuite name="pytest" errors="0" failures="0" skipped="0" tests="11" time="8.264" timestamp="2026-02-21T00:52:43.675672+00:00" hostname="agent-env-feaa4046-c016-46bf-a66a-9824f8beedb5"><testcase classname="tests.test_iteration11_payment_reminders_leads.TestAuth" name="test_login_success" time="0.568" /><testcase classname="tests.test_iteration11_payment_reminders_leads.TestPaymentRemindersSummary" name="test_get_payment_summary" time="0.564" /><testcase classname="tests.test_iteration11_payment_reminders_leads.TestPaymentRemindersPending" name="test_get_pending_reminders" time="0.645" /><testcase classname="tests.test_iteration11_payment_reminders_leads.TestPaymentRemindersUpdateOverdue" name="test_update_overdue_status" time="0.480" /><testcase classname="tests.test_iteration11_payment_reminders_leads.TestPaymentRemindersMarkPaid" name="test_mark_paid_creates_and_marks" time="0.747" /><testcase classname="tests.test_iteration11_payment_reminders_leads.TestPaymentRemindersSend" name="test_send_reminder_returns_expected_response" time="0.817" /><testcase classname="tests.test_iteration11_payment_reminders_leads.TestLeadCRMGet" name="test_get_website_leads" time="0.494" /><testcase classname="tests.test_iteration11_payment_reminders_leads.TestLeadCRMSubmit" name="test_submit_website_lead" time="0.684" /><testcase classname="tests.test_iteration11_payment_reminders_leads.TestLeadCRMConvert" name="test_convert_lead_to_customer" time="0.584" /><testcase classname="tests.test_iteration11_payment_reminders_leads.TestLeadCRMAnalytics" name="test_get_lead_analytics" time="0.461" /><testcase classname="tests.test_iteration11_payment_reminders_leads.TestCleanup" name="test_cleanup_test_data" time="2.138" /></testsuite></testsuites>