<?xml version="1.0" encoding="utf-8"?><testsuites name="pytest tests"><testsuite name="pytest" errors="0" failures="0" skipped="0" tests="27" time="2.439" timestamp="2026-01-04T01:41:27.728707+00:00" hostname="agent-env-e1da06f1-c939-4250-b569-fa5d3a182621"><testcase classname="tests.test_iteration7_websocket_domains.TestWebSocketStatus" name="test_ws_status_endpoint_exists" time="0.056" /><testcase classname="tests.test_iteration7_websocket_domains.TestWebSocketStatus" name="test_ws_status_returns_correct_structure" time="0.035" /><testcase classname="tests.test_iteration7_websocket_domains.TestWebSocketStatus" name="test_ws_status_values_are_valid" time="0.034" /><testcase classname="tests.test_iteration7_websocket_domains.TestAuthentication" name="test_login_returns_token" time="0.258" /><testcase classname="tests.test_iteration7_websocket_domains.TestCustomDomainsAPI" name="test_get_website_domains_requires_auth" time="0.043" /><testcase classname="tests.test_iteration7_websocket_domains.TestCustomDomainsAPI" name="test_get_website_domains_requires_workspace" time="0.296" /><testcase classname="tests.test_iteration7_websocket_domains.TestCustomDomainsAPI" name="test_get_website_domains_returns_list" time="0.039" /><testcase classname="tests.test_iteration7_websocket_domains.TestCustomDomainsAPI" name="test_add_domain_requires_auth" time="0.076" /><testcase classname="tests.test_iteration7_websocket_domains.TestCustomDomainsAPI" name="test_add_domain_requires_workspace" time="0.036" /><testcase classname="tests.test_iteration7_websocket_domains.TestCustomDomainsAPI" name="test_add_domain_validates_website_exists" time="0.038" /><testcase classname="tests.test_iteration7_websocket_domains.TestCustomDomainsAPI" name="test_verify_domain_requires_auth" time="0.034" /><testcase classname="tests.test_iteration7_websocket_domains.TestCustomDomainsAPI" name="test_verify_domain_requires_workspace" time="0.032" /><testcase classname="tests.test_iteration7_websocket_domains.TestCustomDomainsAPI" name="test_verify_domain_handles_not_found" time="0.037" /><testcase classname="tests.test_iteration7_websocket_domains.TestCustomDomainsAPI" name="test_delete_domain_requires_auth" time="0.036" /><testcase classname="tests.test_iteration7_websocket_domains.TestCustomDomainsAPI" name="test_delete_domain_requires_workspace" time="0.036" /><testcase classname="tests.test_iteration7_websocket_domains.TestCustomDomainsAPI" name="test_delete_domain_handles_not_found" time="0.037" /><testcase classname="tests.test_iteration7_websocket_domains.TestCustomDomainsAPI" name="test_get_domain_by_id_requires_auth" time="0.036" /><testcase classname="tests.test_iteration7_websocket_domains.TestNotificationsAPI" name="test_get_notifications_requires_auth" time="0.032" /><testcase classname="tests.test_iteration7_websocket_domains.TestNotificationsAPI" name="test_get_notifications_returns_list" time="0.332" /><testcase classname="tests.test_iteration7_websocket_domains.TestNotificationsAPI" name="test_get_unread_count_requires_auth" time="0.032" /><testcase classname="tests.test_iteration7_websocket_domains.TestNotificationsAPI" name="test_get_unread_count_returns_number" time="0.037" /><testcase classname="tests.test_iteration7_websocket_domains.TestAIWebsitesForDomains" name="test_get_ai_websites_returns_list" time="0.341" /><testcase classname="tests.test_iteration7_websocket_domains.TestAIWebsitesForDomains" name="test_ai_websites_have_deployment_fields" time="0.038" /><testcase classname="tests.test_iteration7_websocket_domains.TestHealthAndBasicEndpoints" name="test_health_endpoint" time="0.033" /><testcase classname="tests.test_iteration7_websocket_domains.TestHealthAndBasicEndpoints" name="test_api_root_accessible" time="0.036" /><testcase classname="tests.test_iteration7_websocket_domains.TestDomainValidation" name="test_add_domain_strips_protocol" time="0.290" /><testcase classname="tests.test_iteration7_websocket_domains.TestDomainValidation" name="test_add_domain_strips_www" time="0.034" /></testsuite></testsuites>