<?xml version="1.0" encoding="utf-8"?><testsuites name="pytest tests"><testsuite name="pytest" errors="0" failures="0" skipped="0" tests="23" time="30.223" timestamp="2026-01-04T00:06:27.689601+00:00" hostname="agent-env-60bf01ad-f68a-4ffb-82cd-69a7b97b8a1f"><testcase classname="tests.test_ai_website_builder_iter5.TestTemplatesListAPI" name="test_templates_list_returns_200_without_auth" time="0.423" /><testcase classname="tests.test_ai_website_builder_iter5.TestTemplatesListAPI" name="test_templates_list_returns_10_templates" time="0.035" /><testcase classname="tests.test_ai_website_builder_iter5.TestTemplatesListAPI" name="test_templates_have_required_fields" time="0.038" /><testcase classname="tests.test_ai_website_builder_iter5.TestTemplatesListAPI" name="test_saas_template_content" time="0.032" /><testcase classname="tests.test_ai_website_builder_iter5.TestTemplatesListAPI" name="test_restaurant_template_content" time="0.036" /><testcase classname="tests.test_ai_website_builder_iter5.TestTemplateByIdAPI" name="test_get_saas_template_returns_200" time="0.036" /><testcase classname="tests.test_ai_website_builder_iter5.TestTemplateByIdAPI" name="test_get_template_includes_id" time="0.038" /><testcase classname="tests.test_ai_website_builder_iter5.TestTemplateByIdAPI" name="test_get_all_templates_by_id" time="0.460" /><testcase classname="tests.test_ai_website_builder_iter5.TestTemplateByIdAPI" name="test_get_invalid_template_returns_error" time="0.035" /><testcase classname="tests.test_ai_website_builder_iter5.TestNetlifyDeploymentFix" name="test_generate_website_for_deployment" time="0.049" /><testcase classname="tests.test_ai_website_builder_iter5.TestNetlifyDeploymentFix" name="test_deploy_to_netlify_returns_success" time="1.120" /><testcase classname="tests.test_ai_website_builder_iter5.TestNetlifyDeploymentFix" name="test_deployed_site_serves_html_content_type" time="3.164" /><testcase classname="tests.test_ai_website_builder_iter5.TestNetlifyDeploymentFix" name="test_deployed_site_returns_valid_html" time="0.113" /><testcase classname="tests.test_ai_website_builder_iter5.TestCompaniesHouseAPI" name="test_check_name_without_auth_returns_401" time="0.047" /><testcase classname="tests.test_ai_website_builder_iter5.TestCompaniesHouseAPI" name="test_check_name_with_auth_returns_200" time="5.600" /><testcase classname="tests.test_ai_website_builder_iter5.TestCompaniesHouseAPI" name="test_check_name_returns_proper_structure" time="4.330" /><testcase classname="tests.test_ai_website_builder_iter5.TestCompaniesHouseAPI" name="test_check_name_returns_matches" time="4.504" /><testcase classname="tests.test_ai_website_builder_iter5.TestCompaniesHouseAPI" name="test_check_name_returns_suggestions" time="4.998" /><testcase classname="tests.test_ai_website_builder_iter5.TestTemplateBasedGeneration" name="test_generate_with_saas_template_prompt" time="0.066" /><testcase classname="tests.test_ai_website_builder_iter5.TestTemplateBasedGeneration" name="test_generate_with_restaurant_template_prompt" time="0.051" /><testcase classname="tests.test_ai_website_builder_iter5.TestTemplateBasedGeneration" name="test_generate_with_healthcare_template_prompt" time="0.052" /><testcase classname="tests.test_ai_website_builder_iter5.TestFullWorkflow" name="test_complete_template_to_deployment_workflow" time="4.524" /><testcase classname="tests.test_ai_website_builder_iter5.TestCleanup" name="test_cleanup_test_data" time="0.313" /></testsuite></testsuites>