<?xml version="1.0" encoding="utf-8"?><testsuites name="pytest tests"><testsuite name="pytest" errors="0" failures="0" skipped="0" tests="36" time="1.870" timestamp="2026-01-03T15:27:23.472096+00:00" hostname="agent-env-25dc672a-ccce-4cb8-b6df-46f1f3fa4ab6"><testcase classname="tests.test_new_features.TestSchedulingOptimalTimesAPI" name="test_optimal_times_without_auth_returns_401" time="0.494" /><testcase classname="tests.test_new_features.TestSchedulingOptimalTimesAPI" name="test_optimal_times_instagram_returns_200" time="0.042" /><testcase classname="tests.test_new_features.TestSchedulingOptimalTimesAPI" name="test_optimal_times_returns_correct_count" time="0.013" /><testcase classname="tests.test_new_features.TestSchedulingOptimalTimesAPI" name="test_optimal_times_structure" time="0.052" /><testcase classname="tests.test_new_features.TestSchedulingOptimalTimesAPI" name="test_optimal_times_different_platforms" time="0.124" /><testcase classname="tests.test_new_features.TestSchedulingActionsAPI" name="test_schedule_action_without_auth_returns_401" time="0.036" /><testcase classname="tests.test_new_features.TestSchedulingActionsAPI" name="test_schedule_action_returns_200" time="0.023" /><testcase classname="tests.test_new_features.TestSchedulingActionsAPI" name="test_schedule_action_returns_scheduled_data" time="0.052" /><testcase classname="tests.test_new_features.TestSchedulingActionsAPI" name="test_get_scheduled_actions_returns_200" time="0.011" /><testcase classname="tests.test_new_features.TestSchedulingActionsAPI" name="test_get_scheduled_actions_returns_list" time="0.011" /><testcase classname="tests.test_new_features.TestSchedulingActionsAPI" name="test_get_scheduled_actions_with_status_filter" time="0.050" /><testcase classname="tests.test_new_features.TestSchedulingActionsAPI" name="test_get_scheduled_actions_with_platform_filter" time="0.010" /><testcase classname="tests.test_new_features.TestAnalyticsDashboardAPI" name="test_dashboard_without_auth_returns_401" time="0.040" /><testcase classname="tests.test_new_features.TestAnalyticsDashboardAPI" name="test_dashboard_returns_200" time="0.024" /><testcase classname="tests.test_new_features.TestAnalyticsDashboardAPI" name="test_dashboard_returns_overview_metrics" time="0.013" /><testcase classname="tests.test_new_features.TestAnalyticsDashboardAPI" name="test_dashboard_overview_structure" time="0.058" /><testcase classname="tests.test_new_features.TestAnalyticsDashboardAPI" name="test_dashboard_growth_structure" time="0.015" /><testcase classname="tests.test_new_features.TestAnalyticsDashboardAPI" name="test_dashboard_social_structure" time="0.054" /><testcase classname="tests.test_new_features.TestAnalyticsRevenueTrendsAPI" name="test_revenue_trends_without_auth_returns_401" time="0.044" /><testcase classname="tests.test_new_features.TestAnalyticsRevenueTrendsAPI" name="test_revenue_trends_returns_200" time="0.012" /><testcase classname="tests.test_new_features.TestAnalyticsRevenueTrendsAPI" name="test_revenue_trends_returns_summary" time="0.010" /><testcase classname="tests.test_new_features.TestAnalyticsRevenueTrendsAPI" name="test_revenue_trends_different_periods" time="0.071" /><testcase classname="tests.test_new_features.TestAnalyticsLeadFunnelAPI" name="test_lead_funnel_without_auth_returns_401" time="0.038" /><testcase classname="tests.test_new_features.TestAnalyticsLeadFunnelAPI" name="test_lead_funnel_returns_200" time="0.052" /><testcase classname="tests.test_new_features.TestAnalyticsLeadFunnelAPI" name="test_lead_funnel_returns_funnel_data" time="0.009" /><testcase classname="tests.test_new_features.TestAnalyticsLeadFunnelAPI" name="test_lead_funnel_stages" time="0.050" /><testcase classname="tests.test_new_features.TestAnalyticsReportAPI" name="test_report_without_auth_returns_401" time="0.039" /><testcase classname="tests.test_new_features.TestAnalyticsReportAPI" name="test_report_monthly_returns_200" time="0.015" /><testcase classname="tests.test_new_features.TestAnalyticsReportAPI" name="test_report_returns_comprehensive_data" time="0.014" /><testcase classname="tests.test_new_features.TestAnalyticsReportAPI" name="test_report_executive_summary" time="0.016" /><testcase classname="tests.test_new_features.TestAnalyticsReportAPI" name="test_report_different_types" time="0.042" /><testcase classname="tests.test_new_features.TestGrowthAgentNewAlertTypes" name="test_analyze_includes_new_alert_types" time="0.014" /><testcase classname="tests.test_new_features.TestGrowthAgentNewAlertTypes" name="test_recommend_low_engagement_type" time="0.066" /><testcase classname="tests.test_new_features.TestGrowthAgentNewAlertTypes" name="test_recommend_growth_opportunity_type" time="0.051" /><testcase classname="tests.test_new_features.TestGrowthAgentNewAlertTypes" name="test_recommend_instagram_campaign_type" time="0.026" /><testcase classname="tests.test_new_features.TestDynamicFeesCount" name="test_fees_returns_13_entries" time="0.014" /></testsuite></testsuites>