<?xml version="1.0" encoding="utf-8"?><testsuites name="pytest tests"><testsuite name="pytest" errors="0" failures="0" skipped="0" tests="19" time="3.453" timestamp="2026-01-21T08:12:23.169472+00:00" hostname="agent-env-feaa4046-c016-46bf-a66a-9824f8beedb5"><testcase classname="tests.test_iteration9_phase2_features.TestAuthentication" name="test_login_returns_token" time="0.321" /><testcase classname="tests.test_iteration9_phase2_features.TestCatalogueUpload" name="test_catalogue_csv_upload" time="0.301" /><testcase classname="tests.test_iteration9_phase2_features.TestCatalogueUpload" name="test_catalogue_bulk_add" time="0.039" /><testcase classname="tests.test_iteration9_phase2_features.TestEnhancedInvoicing" name="test_create_invoice_with_line_items" time="0.298" /><testcase classname="tests.test_iteration9_phase2_features.TestEnhancedInvoicing" name="test_get_invoices" time="0.040" /><testcase classname="tests.test_iteration9_phase2_features.TestEnhancedInvoicing" name="test_get_single_invoice" time="0.078" /><testcase classname="tests.test_iteration9_phase2_features.TestEnhancedInvoicing" name="test_generate_invoice_pdf" time="0.048" /><testcase classname="tests.test_iteration9_phase2_features.TestEnhancedInvoicing" name="test_finalize_invoice" time="0.036" /><testcase classname="tests.test_iteration9_phase2_features.TestEnhancedInvoicing" name="test_update_invoice" time="0.085" /><testcase classname="tests.test_iteration9_phase2_features.TestBrandAssets" name="test_upload_brand_logo" time="0.301" /><testcase classname="tests.test_iteration9_phase2_features.TestBrandAssets" name="test_get_brand_assets" time="0.038" /><testcase classname="tests.test_iteration9_phase2_features.TestBrandAssets" name="test_get_brand_logo" time="0.039" /><testcase classname="tests.test_iteration9_phase2_features.TestTaxAutofill" name="test_get_tax_autofill_data" time="0.298" /><testcase classname="tests.test_iteration9_phase2_features.TestTaxAutofill" name="test_get_tax_autofill_with_year" time="0.038" /><testcase classname="tests.test_iteration9_phase2_features.TestDocumentExport" name="test_generate_document" time="0.293" /><testcase classname="tests.test_iteration9_phase2_features.TestDocumentExport" name="test_export_document_to_pdf" time="0.037" /><testcase classname="tests.test_iteration9_phase2_features.TestDocumentExport" name="test_save_document" time="0.038" /><testcase classname="tests.test_iteration9_phase2_features.TestInvoiceSendEmail" name="test_send_invoice_email_mocked" time="0.664" /><testcase classname="tests.test_iteration9_phase2_features.TestCleanup" name="test_cleanup_test_catalogue_items" time="0.371" /></testsuite></testsuites>